BuildingInfluence: 45866
IHealth: 37296
ISelectionBar: 36536
DeveloperMode: 33649
IRenderAnnotationsWhenSelected: 31594
IRenderAboveShroudWhenSelected: 31594
GivesBuildableArea: 25726
Building: 24553
IPaletteModifier: 24283
IRenderAnnotations: 24282
IRenderShroud: 24282
IRenderOverlay: 24282
IRenderAboveShroud: 24282
IRenderAboveWorld: 24282
IIssueOrder: 21294
MustBeDestroyed: 19526
RejectsOrders: 14203
RallyPoint: 9813
ProvidesRadar: 9800
HitShape: 8477
ITooltip: 6059
IProvideTooltipInfo: 5904
IRadarSignature: 5026
MapBuildRadius: 4076
ProductionQueue: 3828
Mobile: 3737
BaseProvider: 3700
ICrushable: 3592
ISync: 3375
IAcceptResources: 2392
INotifyAppliedDamage: 2290
INotifyBlockingMove: 1975
RenderSprites: 1779
IPositionable: 1640
Cargo: 1605
JamsMissiles: 1434
IFacing: 1381
IBlocksProjectiles: 1254
IMove: 1216
Armor: 1091
ResourceLayer: 997
INotifyDamage: 942
INotifyKilled: 942
IDamageModifier: 942
Aircraft: 875
DebugVisualizations: 780
BodyOrientation: 737
SmudgeLayer: 719
INotifyResourceAccepted: 663
SupportPower: 654
IDisableEnemyAutoTarget: 577
Turreted: 549
INotifyAddedToWorld: 517
Harvester: 509
INotifyCreated: 507
IObservesVariables: 507
ICreationActivity: 507
IAutoMouseBounds: 501
Transforms: 498
AutoTarget: 490
Cloak: 482
IRadarColorModifier: 481
ITargetableCells: 475
INotifyDamageStateChanged: 471
AttackMove: 368
Armament: 253
INotifyHarvesterAction: 253
RepairableBuilding: 231
Power: 201
Reservable: 188
ResourceClaimLayer: 160
FrozenActorLayer: 160
RevealsShroud: 147
ITechTreePrerequisite: 145
Buildable: 145
AttackFrontal: 132
IVoiced: 113
IIssueDeployOrder: 112
PlayerStatistics: 110
PlayerResources: 105
WithSpriteBody: 105
PowerManager: 104
Exit: 100
IPathFinder: 87
IRevealsShroudModifier: 87
SquadManagerBotModule: 79
Interactable: 79
IDecoration: 79
IGivesExperienceModifier: 79
GrantConditionOnPrerequisiteManager: 66
INotifyDocking: 66
DrawLineToTarget: 64
Locomotor: 58
INotifyVisualPositionChanged: 58
INotifySelected: 57
IFirepowerModifier: 52
INotifyAttack: 52
INotifyBurstComplete: 52
IRangeModifier: 52
IReloadModifier: 52
IInaccuracyModifier: 52
INotifyMoving: 51
Passenger: 50
ISpeedModifier: 49
AttackBase: 49
TechTree: 48
INotifyCustomLayerChanged: 45
INotifyFinishedMoving: 45
IWrapMove: 45
INotifyAiming: 45
AutoTargetPriority: 44
IDisableAutoTarget: 44
INotifyStanceChanged: 44
INotifyRemovedFromWorld: 43
AttackTurreted: 42
INotifyProduction: 41
INotifyOtherProduction: 41
IDetectCloakedModifier: 38
IVisibilityModifier: 36
IBotPositionsUpdated: 35
Rearmable: 34
INotifyActorDisposing: 33
CaptureManager: 33
Capturable: 33
ICaptureProgressWatcher: 33
Captures: 33
MapCreeps: 32
IRenderInfantrySequenceModifier: 32
ExternalCondition: 32
IOrderVoice: 29
INotifyIdle: 28
MapOptions: 26
PlayerExperience: 26
IPowerModifier: 24
INotifyBuildingPlaced: 22
GainsExperience: 22
IGainsExperienceModifier: 21
INotifyPassengerEntered: 20
INotifyEnteredCargo: 20
ResourceType: 19
IBotRequestPauseUnitProduction: 15
IBotNotifyIdleBaseUnits: 15
Shroud: 15
AttackFollow: 15
Production: 14
RadarPings: 13
INotifyPowerLevelChanged: 13
AttackAircraft: 12
IConditionTimerWatcher: 11
INotifyPassengerExited: 10
ICustomMovementLayer: 10
IBotRequestUnitProduction: 10
INotifyExitedCargo: 10
IProductionIconOverlay: 10
MissionObjectives: 9
SupportPowerManager: 8
ScreenShaker: 7
DomainIndex: 7
CrateSpawner: 7
IWorldLoaded: 6
ChatCommands: 6
INotifyTransform: 6
IDeathActorInitModifier: 6
Repairable: 6
IAircraftCenterPositionOffset: 6
IOverrideAircraftLanding: 6
IHuskModifier: 6
ILoadsPlayerPalettes: 5
HelpCommand: 5
IObjectivesPanel: 5
IUnlocksRenderPlayer: 5
LuaScript: 5
INotifyObjectivesUpdated: 4
INotifyCrushed: 4
RefineryResourceMultiplier: 4
HarvesterResourceMultiplier: 4
WithSpriteTurret: 4
AmmoPool: 4
Parachutable: 3
MenuPaletteEffect: 2
IAssignSpawnPoints: 2
INotifyWinStateChanged: 2
TimeLimitManager: 2
ResourceRenderer: 2
PlayerRadarTerrain: 2
INotifyViewportZoomExtentsChanged: 2
IPreventMapSpawn: 2
WithMakeAnimation: 2
ITransformActorInitModifier: 2
INotifyUnload: 2
IReloadAmmoModifier: 2
ILoadsPalettes: 1
ScreenMap: 1
IActorMap: 1
ISelection: 1
IGameOver: 1
MusicPlaylist: 1
IRenderTerrain: 1
TerrainGeometryOverlay: 1
INotifyChat: 1
INotifySelection: 1
ICreatePlayers: 1
IValidateOrder: 1
IResourceLayer: 1
IBot: 1
IBotTick: 1
IBotRespondToAttack: 1
IBotEnabled: 1
ITerrainLighting: 1
Bridge: 1
INotifyOwnerLost: 1
BaseBuilding: 1
StrategicVictoryConditions: 1
CrateAction: 1
